01/12/2014 21:31:03 (Std) 	+-+-+-+-+-+-+-+-+-+-+-+-+-+-+-+-+-+-+-+-+-+-+-+-+-+-+-+-+-+-+-+-+-+-+-+-+-+-+-+
01/12/2014 21:31:03 (Std) 	+                     Crazy Eddie's GUI System - Event log                    +
01/12/2014 21:31:03 (Std) 	+                          (http://www.cegui.org.uk/)                         +
01/12/2014 21:31:03 (Std) 	+-+-+-+-+-+-+-+-+-+-+-+-+-+-+-+-+-+-+-+-+-+-+-+-+-+-+-+-+-+-+-+-+-+-+-+-+-+-+-+

01/12/2014 21:31:03 (Std) 	CEGUI::Logger singleton created. (0xfc7ca0)
01/12/2014 21:31:03 (Std) 	
01/12/2014 21:31:03 (Std) 	********************************************************************************
01/12/2014 21:31:03 (Std) 	* Important:                                                                   *
01/12/2014 21:31:03 (Std) 	*     To get support at the CEGUI forums, you must post _at least_ the section *
01/12/2014 21:31:03 (Std) 	*     of this log file indicated below.  Failure to do this will result in no  *
01/12/2014 21:31:03 (Std) 	*     support being given; please do not waste our time.                       *
01/12/2014 21:31:03 (Std) 	********************************************************************************
01/12/2014 21:31:03 (Std) 	********************************************************************************
01/12/2014 21:31:03 (Std) 	* -------- START OF ESSENTIAL SECTION TO BE POSTED ON THE FORUM       -------- *
01/12/2014 21:31:03 (Std) 	********************************************************************************
01/12/2014 21:31:03 (Std) 	---- Version 0.7.7 (Build: Nov 27 2014 GNU/Linux g++ 4.8.2 64 bit) ----
01/12/2014 21:31:03 (Std) 	---- Renderer module is: CEGUI::OgreRenderer - Official OGRE based 2nd generation renderer module. ----
01/12/2014 21:31:03 (Std) 	---- XML Parser module is: CEGUI::TinyXMLParser - Official tinyXML based parser module for CEGUI ----
01/12/2014 21:31:03 (Std) 	---- Image Codec module is: OgreImageCodec - Integrated ImageCodec using the Ogre engine. ----
01/12/2014 21:31:03 (Std) 	---- Scripting module is: None ----
01/12/2014 21:31:03 (Std) 	********************************************************************************
01/12/2014 21:31:03 (Std) 	* -------- END OF ESSENTIAL SECTION TO BE POSTED ON THE FORUM         -------- *
01/12/2014 21:31:03 (Std) 	********************************************************************************
01/12/2014 21:31:03 (Std) 	
01/12/2014 21:31:03 (Std) 	---- Begining CEGUI System initialisation ----
01/12/2014 21:31:03 (Std) 	CEGUI::ImagesetManager singleton created (0xfc8ff0)
01/12/2014 21:31:03 (Std) 	CEGUI::FontManager singleton created. (0xfc83c0)
01/12/2014 21:31:03 (Std) 	CEGUI::WindowFactoryManager singleton created
01/12/2014 21:31:03 (Std) 	CEGUI::WindowManager singleton created (0xfc8590)
01/12/2014 21:31:03 (Std) 	CEGUI::SchemeManager singleton created. (0xfc8630)
01/12/2014 21:31:03 (Std) 	CEGUI::MouseCursor singleton created. (0xfc8760)
01/12/2014 21:31:03 (Std) 	CEGUI::GlobalEventSet singleton created. (0xf8c5a0)
01/12/2014 21:31:03 (Std) 	CEGUI::AnimationManager singleton created (0xfc9c30)
01/12/2014 21:31:03 (Std) 	CEGUI::WidgetLookManager singleton created. (0xfcc6e0)
01/12/2014 21:31:03 (Std) 	CEGUI::WindowRendererManager singleton created (0xf8c530)
01/12/2014 21:31:03 (Std) 	CEGUI::RenderEffectManager singleton created (0xfcd540)
01/12/2014 21:31:03 (Std) 	Created WindowFactory for 'DefaultWindow' windows.
01/12/2014 21:31:03 (Std) 	WindowFactory for 'DefaultWindow' windows added. (0xfcd5b0)
01/12/2014 21:31:03 (Std) 	Created WindowFactory for 'DragContainer' windows.
01/12/2014 21:31:03 (Std) 	WindowFactory for 'DragContainer' windows added. (0xfcd750)
01/12/2014 21:31:03 (Std) 	Created WindowFactory for 'ScrolledContainer' windows.
01/12/2014 21:31:03 (Std) 	WindowFactory for 'ScrolledContainer' windows added. (0xfcd930)
01/12/2014 21:31:03 (Std) 	Created WindowFactory for 'ClippedContainer' windows.
01/12/2014 21:31:03 (Std) 	WindowFactory for 'ClippedContainer' windows added. (0xfcdad0)
01/12/2014 21:31:03 (Std) 	Created WindowFactory for 'CEGUI/Checkbox' windows.
01/12/2014 21:31:03 (Std) 	WindowFactory for 'CEGUI/Checkbox' windows added. (0xfcdc70)
01/12/2014 21:31:03 (Std) 	Created WindowFactory for 'CEGUI/PushButton' windows.
01/12/2014 21:31:03 (Std) 	WindowFactory for 'CEGUI/PushButton' windows added. (0xfcde50)
01/12/2014 21:31:03 (Std) 	Created WindowFactory for 'CEGUI/RadioButton' windows.
01/12/2014 21:31:03 (Std) 	WindowFactory for 'CEGUI/RadioButton' windows added. (0xfcdff0)
01/12/2014 21:31:03 (Std) 	Created WindowFactory for 'CEGUI/Combobox' windows.
01/12/2014 21:31:03 (Std) 	WindowFactory for 'CEGUI/Combobox' windows added. (0xfce190)
01/12/2014 21:31:03 (Std) 	Created WindowFactory for 'CEGUI/ComboDropList' windows.
01/12/2014 21:31:03 (Std) 	WindowFactory for 'CEGUI/ComboDropList' windows added. (0xfce330)
01/12/2014 21:31:03 (Std) 	Created WindowFactory for 'CEGUI/Editbox' windows.
01/12/2014 21:31:03 (Std) 	WindowFactory for 'CEGUI/Editbox' windows added. (0xfce560)
01/12/2014 21:31:03 (Std) 	Created WindowFactory for 'CEGUI/FrameWindow' windows.
01/12/2014 21:31:03 (Std) 	WindowFactory for 'CEGUI/FrameWindow' windows added. (0xfce700)
01/12/2014 21:31:03 (Std) 	Created WindowFactory for 'CEGUI/ItemEntry' windows.
01/12/2014 21:31:03 (Std) 	WindowFactory for 'CEGUI/ItemEntry' windows added. (0xfce8a0)
01/12/2014 21:31:03 (Std) 	Created WindowFactory for 'CEGUI/Listbox' windows.
01/12/2014 21:31:03 (Std) 	WindowFactory for 'CEGUI/Listbox' windows added. (0xfcea40)
01/12/2014 21:31:03 (Std) 	Created WindowFactory for 'CEGUI/ListHeader' windows.
01/12/2014 21:31:03 (Std) 	WindowFactory for 'CEGUI/ListHeader' windows added. (0xfcebe0)
01/12/2014 21:31:03 (Std) 	Created WindowFactory for 'CEGUI/ListHeaderSegment' windows.
01/12/2014 21:31:03 (Std) 	WindowFactory for 'CEGUI/ListHeaderSegment' windows added. (0xfced80)
01/12/2014 21:31:03 (Std) 	Created WindowFactory for 'CEGUI/Menubar' windows.
01/12/2014 21:31:03 (Std) 	WindowFactory for 'CEGUI/Menubar' windows added. (0xfcef20)
01/12/2014 21:31:03 (Std) 	Created WindowFactory for 'CEGUI/PopupMenu' windows.
01/12/2014 21:31:03 (Std) 	WindowFactory for 'CEGUI/PopupMenu' windows added. (0xfcf0c0)
01/12/2014 21:31:03 (Std) 	Created WindowFactory for 'CEGUI/MenuItem' windows.
01/12/2014 21:31:03 (Std) 	WindowFactory for 'CEGUI/MenuItem' windows added. (0xfcf370)
01/12/2014 21:31:03 (Std) 	Created WindowFactory for 'CEGUI/MultiColumnList' windows.
01/12/2014 21:31:03 (Std) 	WindowFactory for 'CEGUI/MultiColumnList' windows added. (0xfcf510)
01/12/2014 21:31:03 (Std) 	Created WindowFactory for 'CEGUI/MultiLineEditbox' windows.
01/12/2014 21:31:03 (Std) 	WindowFactory for 'CEGUI/MultiLineEditbox' windows added. (0xfcf6b0)
01/12/2014 21:31:03 (Std) 	Created WindowFactory for 'CEGUI/ProgressBar' windows.
01/12/2014 21:31:03 (Std) 	WindowFactory for 'CEGUI/ProgressBar' windows added. (0xfcf850)
01/12/2014 21:31:03 (Std) 	Created WindowFactory for 'CEGUI/ScrollablePane' windows.
01/12/2014 21:31:03 (Std) 	WindowFactory for 'CEGUI/ScrollablePane' windows added. (0xfcf9f0)
01/12/2014 21:31:03 (Std) 	Created WindowFactory for 'CEGUI/Scrollbar' windows.
01/12/2014 21:31:03 (Std) 	WindowFactory for 'CEGUI/Scrollbar' windows added. (0xfcfb90)
01/12/2014 21:31:03 (Std) 	Created WindowFactory for 'CEGUI/Slider' windows.
01/12/2014 21:31:03 (Std) 	WindowFactory for 'CEGUI/Slider' windows added. (0xfcfd30)
01/12/2014 21:31:03 (Std) 	Created WindowFactory for 'CEGUI/Spinner' windows.
01/12/2014 21:31:03 (Std) 	WindowFactory for 'CEGUI/Spinner' windows added. (0xfcfed0)
01/12/2014 21:31:03 (Std) 	Created WindowFactory for 'CEGUI/TabButton' windows.
01/12/2014 21:31:03 (Std) 	WindowFactory for 'CEGUI/TabButton' windows added. (0xfd0070)
01/12/2014 21:31:03 (Std) 	Created WindowFactory for 'CEGUI/TabControl' windows.
01/12/2014 21:31:03 (Std) 	WindowFactory for 'CEGUI/TabControl' windows added. (0xfd0210)
01/12/2014 21:31:03 (Std) 	Created WindowFactory for 'CEGUI/Thumb' windows.
01/12/2014 21:31:03 (Std) 	WindowFactory for 'CEGUI/Thumb' windows added. (0xfd03b0)
01/12/2014 21:31:03 (Std) 	Created WindowFactory for 'CEGUI/Titlebar' windows.
01/12/2014 21:31:03 (Std) 	WindowFactory for 'CEGUI/Titlebar' windows added. (0xfd0550)
01/12/2014 21:31:03 (Std) 	Created WindowFactory for 'CEGUI/Tooltip' windows.
01/12/2014 21:31:03 (Std) 	WindowFactory for 'CEGUI/Tooltip' windows added. (0xfd06f0)
01/12/2014 21:31:03 (Std) 	Created WindowFactory for 'CEGUI/ItemListbox' windows.
01/12/2014 21:31:03 (Std) 	WindowFactory for 'CEGUI/ItemListbox' windows added. (0xfd0890)
01/12/2014 21:31:03 (Std) 	Created WindowFactory for 'CEGUI/GroupBox' windows.
01/12/2014 21:31:03 (Std) 	WindowFactory for 'CEGUI/GroupBox' windows added. (0xfd0a30)
01/12/2014 21:31:03 (Std) 	Created WindowFactory for 'CEGUI/Tree' windows.
01/12/2014 21:31:03 (Std) 	WindowFactory for 'CEGUI/Tree' windows added. (0xfd0bd0)
01/12/2014 21:31:03 (Std) 	Created WindowFactory for 'HorizontalLayoutContainer' windows.
01/12/2014 21:31:03 (Std) 	WindowFactory for 'HorizontalLayoutContainer' windows added. (0xfcf260)
01/12/2014 21:31:03 (Std) 	Created WindowFactory for 'VerticalLayoutContainer' windows.
01/12/2014 21:31:03 (Std) 	WindowFactory for 'VerticalLayoutContainer' windows added. (0xfd1060)
01/12/2014 21:31:03 (Std) 	Created WindowFactory for 'GridLayoutContainer' windows.
01/12/2014 21:31:03 (Std) 	WindowFactory for 'GridLayoutContainer' windows added. (0xfd1200)
01/12/2014 21:31:03 (Std) 	Window type alias named 'DefaultGUISheet' added for window type 'DefaultWindow'.
01/12/2014 21:31:03 (Std) 	CEGUI::System singleton created. (0xfc7890)
01/12/2014 21:31:03 (Std) 	---- CEGUI System initialisation completed ----
01/12/2014 21:31:03 (Std) 	
01/12/2014 21:31:03 (Std) 	Started creation of Scheme from XML specification:
01/12/2014 21:31:03 (Std) 	---- CEGUI GUIScheme name: TaharezLook
01/12/2014 21:31:03 (Std) 	Started creation of Imageset from XML specification:
01/12/2014 21:31:03 (Std) 	---- CEGUI Imageset name: TaharezLook
01/12/2014 21:31:03 (Std) 	---- Source texture file: TaharezLook.tga in resource group: (Default)
01/12/2014 21:31:03 (Std) 	Started creation of Font from XML specification:
01/12/2014 21:31:03 (Std) 	---- CEGUI font name: DejaVuSans-10
01/12/2014 21:31:03 (Std) 	----       Font type: FreeType
01/12/2014 21:31:03 (Std) 	----     Source file: DejaVuSans.ttf in resource group: (Default)
01/12/2014 21:31:03 (Std) 	---- Real point size: 10
01/12/2014 21:31:03 (Std) 	Started creation of Font from XML specification:
01/12/2014 21:31:03 (Std) 	---- CEGUI font name: Batang-26
01/12/2014 21:31:03 (Std) 	----       Font type: FreeType
01/12/2014 21:31:03 (Std) 	----     Source file: batang.ttf in resource group: (Default)
01/12/2014 21:31:03 (Std) 	---- Real point size: 26
01/12/2014 21:31:04 (Std) 	Started creation of Font from XML specification:
01/12/2014 21:31:04 (Std) 	---- CEGUI font name: fkp-16
01/12/2014 21:31:04 (Std) 	----       Font type: FreeType
01/12/2014 21:31:04 (Std) 	----     Source file: fkp.de.pcf in resource group: (Default)
01/12/2014 21:31:04 (Std) 	---- Real point size: 16
01/12/2014 21:31:04 (Std) 	===== Falagard 'root' element: look and feel parsing begins =====
01/12/2014 21:31:04 (Std) 	===== Look and feel parsing completed =====
01/12/2014 21:31:04 (Std) 	No window renderer factories specified for module 'CEGUIFalagardWRBase' - adding all available factories...
01/12/2014 21:31:04 (Std) 	Created WindowRendererFactory for 'Falagard/Button' WindowRenderers.
01/12/2014 21:31:04 (Std) 	WindowRendererFactory 'Falagard/Button' added. (0x102f210)
01/12/2014 21:31:04 (Std) 	Created WindowRendererFactory for 'Falagard/Default' WindowRenderers.
01/12/2014 21:31:04 (Std) 	WindowRendererFactory 'Falagard/Default' added. (0x14e5710)
01/12/2014 21:31:04 (Std) 	Created WindowRendererFactory for 'Falagard/Editbox' WindowRenderers.
01/12/2014 21:31:04 (Std) 	WindowRendererFactory 'Falagard/Editbox' added. (0xfe17d0)
01/12/2014 21:31:04 (Std) 	Created WindowRendererFactory for 'Falagard/FrameWindow' WindowRenderers.
01/12/2014 21:31:04 (Std) 	WindowRendererFactory 'Falagard/FrameWindow' added. (0xfe1380)
01/12/2014 21:31:04 (Std) 	Created WindowRendererFactory for 'Falagard/ItemEntry' WindowRenderers.
01/12/2014 21:31:04 (Std) 	WindowRendererFactory 'Falagard/ItemEntry' added. (0x14e5330)
01/12/2014 21:31:04 (Std) 	Created WindowRendererFactory for 'Falagard/ListHeader' WindowRenderers.
01/12/2014 21:31:04 (Std) 	WindowRendererFactory 'Falagard/ListHeader' added. (0x1410ff0)
01/12/2014 21:31:04 (Std) 	Created WindowRendererFactory for 'Falagard/ListHeaderSegment' WindowRenderers.
01/12/2014 21:31:04 (Std) 	WindowRendererFactory 'Falagard/ListHeaderSegment' added. (0x14e46c0)
01/12/2014 21:31:04 (Std) 	Created WindowRendererFactory for 'Falagard/Listbox' WindowRenderers.
01/12/2014 21:31:04 (Std) 	WindowRendererFactory 'Falagard/Listbox' added. (0x14e4a00)
01/12/2014 21:31:04 (Std) 	Created WindowRendererFactory for 'Falagard/Menubar' WindowRenderers.
01/12/2014 21:31:04 (Std) 	WindowRendererFactory 'Falagard/Menubar' added. (0x14e4ba0)
01/12/2014 21:31:04 (Std) 	Created WindowRendererFactory for 'Falagard/MenuItem' WindowRenderers.
01/12/2014 21:31:04 (Std) 	WindowRendererFactory 'Falagard/MenuItem' added. (0x14edf60)
01/12/2014 21:31:04 (Std) 	Created WindowRendererFactory for 'Falagard/MultiColumnList' WindowRenderers.
01/12/2014 21:31:04 (Std) 	WindowRendererFactory 'Falagard/MultiColumnList' added. (0x14ee100)
01/12/2014 21:31:04 (Std) 	Created WindowRendererFactory for 'Falagard/MultiLineEditbox' WindowRenderers.
01/12/2014 21:31:04 (Std) 	WindowRendererFactory 'Falagard/MultiLineEditbox' added. (0x14ee2a0)
01/12/2014 21:31:04 (Std) 	Created WindowRendererFactory for 'Falagard/PopupMenu' WindowRenderers.
01/12/2014 21:31:04 (Std) 	WindowRendererFactory 'Falagard/PopupMenu' added. (0x14ee440)
01/12/2014 21:31:04 (Std) 	Created WindowRendererFactory for 'Falagard/ProgressBar' WindowRenderers.
01/12/2014 21:31:04 (Std) 	WindowRendererFactory 'Falagard/ProgressBar' added. (0x14ee5e0)
01/12/2014 21:31:04 (Std) 	Created WindowRendererFactory for 'Falagard/ScrollablePane' WindowRenderers.
01/12/2014 21:31:04 (Std) 	WindowRendererFactory 'Falagard/ScrollablePane' added. (0x14ee780)
01/12/2014 21:31:04 (Std) 	Created WindowRendererFactory for 'Falagard/Scrollbar' WindowRenderers.
01/12/2014 21:31:04 (Std) 	WindowRendererFactory 'Falagard/Scrollbar' added. (0x14ee920)
01/12/2014 21:31:04 (Std) 	Created WindowRendererFactory for 'Falagard/Slider' WindowRenderers.
01/12/2014 21:31:04 (Std) 	WindowRendererFactory 'Falagard/Slider' added. (0x14eeac0)
01/12/2014 21:31:04 (Std) 	Created WindowRendererFactory for 'Falagard/Static' WindowRenderers.
01/12/2014 21:31:04 (Std) 	WindowRendererFactory 'Falagard/Static' added. (0x14eec60)
01/12/2014 21:31:04 (Std) 	Created WindowRendererFactory for 'Falagard/StaticImage' WindowRenderers.
01/12/2014 21:31:04 (Std) 	WindowRendererFactory 'Falagard/StaticImage' added. (0x140f2f0)
01/12/2014 21:31:04 (Std) 	Created WindowRendererFactory for 'Falagard/StaticText' WindowRenderers.
01/12/2014 21:31:04 (Std) 	WindowRendererFactory 'Falagard/StaticText' added. (0x140f490)
01/12/2014 21:31:04 (Std) 	Created WindowRendererFactory for 'Falagard/SystemButton' WindowRenderers.
01/12/2014 21:31:04 (Std) 	WindowRendererFactory 'Falagard/SystemButton' added. (0x140f630)
01/12/2014 21:31:04 (Std) 	Created WindowRendererFactory for 'Falagard/TabButton' WindowRenderers.
01/12/2014 21:31:04 (Std) 	WindowRendererFactory 'Falagard/TabButton' added. (0x140f7d0)
01/12/2014 21:31:04 (Std) 	Created WindowRendererFactory for 'Falagard/TabControl' WindowRenderers.
01/12/2014 21:31:04 (Std) 	WindowRendererFactory 'Falagard/TabControl' added. (0x140f970)
01/12/2014 21:31:04 (Std) 	Created WindowRendererFactory for 'Falagard/Titlebar' WindowRenderers.
01/12/2014 21:31:04 (Std) 	WindowRendererFactory 'Falagard/Titlebar' added. (0x140fb10)
01/12/2014 21:31:04 (Std) 	Created WindowRendererFactory for 'Falagard/ToggleButton' WindowRenderers.
01/12/2014 21:31:04 (Std) 	WindowRendererFactory 'Falagard/ToggleButton' added. (0x140fcb0)
01/12/2014 21:31:04 (Std) 	Created WindowRendererFactory for 'Falagard/Tooltip' WindowRenderers.
01/12/2014 21:31:04 (Std) 	WindowRendererFactory 'Falagard/Tooltip' added. (0x140fe50)
01/12/2014 21:31:04 (Std) 	Created WindowRendererFactory for 'Falagard/ItemListbox' WindowRenderers.
01/12/2014 21:31:04 (Std) 	WindowRendererFactory 'Falagard/ItemListbox' added. (0x140fff0)
01/12/2014 21:31:04 (Std) 	Created WindowRendererFactory for 'Falagard/Tree' WindowRenderers.
01/12/2014 21:31:04 (Std) 	WindowRendererFactory 'Falagard/Tree' added. (0x1410190)
01/12/2014 21:31:04 (Std) 	Creating falagard mapping for type 'TaharezLook/Button' using base type 'CEGUI/PushButton', window renderer 'Falagard/Button' Look'N'Feel 'TaharezLook/Button' and RenderEffect ''. (0x7fff6c640c90)
01/12/2014 21:31:04 (Std) 	Creating falagard mapping for type 'TaharezLook/Checkbox' using base type 'CEGUI/Checkbox', window renderer 'Falagard/ToggleButton' Look'N'Feel 'TaharezLook/Checkbox' and RenderEffect ''. (0x7fff6c640c90)
01/12/2014 21:31:04 (Std) 	Creating falagard mapping for type 'TaharezLook/ImageButton' using base type 'CEGUI/PushButton', window renderer 'Falagard/Button' Look'N'Feel 'TaharezLook/ImageButton' and RenderEffect ''. (0x7fff6c640c90)
01/12/2014 21:31:04 (Std) 	Creating falagard mapping for type 'TaharezLook/RadioButton' using base type 'CEGUI/RadioButton', window renderer 'Falagard/ToggleButton' Look'N'Feel 'TaharezLook/RadioButton' and RenderEffect ''. (0x7fff6c640c90)
01/12/2014 21:31:04 (Std) 	Creating falagard mapping for type 'TaharezLook/FrameWindow' using base type 'CEGUI/FrameWindow', window renderer 'Falagard/FrameWindow' Look'N'Feel 'TaharezLook/FrameWindow' and RenderEffect ''. (0x7fff6c640c90)
01/12/2014 21:31:04 (Std) 	Creating falagard mapping for type 'TaharezLook/Titlebar' using base type 'CEGUI/Titlebar', window renderer 'Falagard/Titlebar' Look'N'Feel 'TaharezLook/Titlebar' and RenderEffect ''. (0x7fff6c640c90)
01/12/2014 21:31:04 (Std) 	Creating falagard mapping for type 'TaharezLook/SystemButton' using base type 'CEGUI/PushButton', window renderer 'Falagard/Button' Look'N'Feel 'TaharezLook/Button' and RenderEffect ''. (0x7fff6c640c90)
01/12/2014 21:31:04 (Std) 	Creating falagard mapping for type 'TaharezLook/Editbox' using base type 'CEGUI/Editbox', window renderer 'Falagard/Editbox' Look'N'Feel 'TaharezLook/Editbox' and RenderEffect ''. (0x7fff6c640c90)
01/12/2014 21:31:04 (Std) 	Creating falagard mapping for type 'TaharezLook/MultiLineEditbox' using base type 'CEGUI/MultiLineEditbox', window renderer 'Falagard/MultiLineEditbox' Look'N'Feel 'TaharezLook/MultiLineEditbox' and RenderEffect ''. (0x7fff6c640c90)
01/12/2014 21:31:04 (Std) 	Creating falagard mapping for type 'TaharezLook/Menubar' using base type 'CEGUI/Menubar', window renderer 'Falagard/Menubar' Look'N'Feel 'TaharezLook/Menubar' and RenderEffect ''. (0x7fff6c640c90)
01/12/2014 21:31:04 (Std) 	Creating falagard mapping for type 'TaharezLook/PopupMenu' using base type 'CEGUI/PopupMenu', window renderer 'Falagard/PopupMenu' Look'N'Feel 'TaharezLook/PopupMenu' and RenderEffect ''. (0x7fff6c640c90)
01/12/2014 21:31:04 (Std) 	Creating falagard mapping for type 'TaharezLook/MenuItem' using base type 'CEGUI/MenuItem', window renderer 'Falagard/MenuItem' Look'N'Feel 'TaharezLook/MenuItem' and RenderEffect ''. (0x7fff6c640c90)
01/12/2014 21:31:04 (Std) 	Creating falagard mapping for type 'TaharezLook/AlternateProgressBar' using base type 'CEGUI/ProgressBar', window renderer 'Falagard/ProgressBar' Look'N'Feel 'TaharezLook/AltProgressBar' and RenderEffect ''. (0x7fff6c640c90)
01/12/2014 21:31:04 (Std) 	Creating falagard mapping for type 'TaharezLook/ProgressBar' using base type 'CEGUI/ProgressBar', window renderer 'Falagard/ProgressBar' Look'N'Feel 'TaharezLook/ProgressBar' and RenderEffect ''. (0x7fff6c640c90)
01/12/2014 21:31:04 (Std) 	Creating falagard mapping for type 'TaharezLook/VUMeter' using base type 'CEGUI/ProgressBar', window renderer 'Falagard/ProgressBar' Look'N'Feel 'TaharezLook/VUMeter' and RenderEffect ''. (0x7fff6c640c90)
01/12/2014 21:31:04 (Std) 	Creating falagard mapping for type 'TaharezLook/VerticalScrollbar' using base type 'CEGUI/Scrollbar', window renderer 'Falagard/Scrollbar' Look'N'Feel 'TaharezLook/VerticalScrollbar' and RenderEffect ''. (0x7fff6c640c90)
01/12/2014 21:31:04 (Std) 	Creating falagard mapping for type 'TaharezLook/HorizontalScrollbar' using base type 'CEGUI/Scrollbar', window renderer 'Falagard/Scrollbar' Look'N'Feel 'TaharezLook/HorizontalScrollbar' and RenderEffect ''. (0x7fff6c640c90)
01/12/2014 21:31:04 (Std) 	Creating falagard mapping for type 'TaharezLook/VerticalScrollbarThumb' using base type 'CEGUI/Thumb', window renderer 'Falagard/Button' Look'N'Feel 'TaharezLook/VerticalScrollbarThumb' and RenderEffect ''. (0x7fff6c640c90)
01/12/2014 21:31:04 (Std) 	Creating falagard mapping for type 'TaharezLook/HorizontalScrollbarThumb' using base type 'CEGUI/Thumb', window renderer 'Falagard/Button' Look'N'Feel 'TaharezLook/HorizontalScrollbarThumb' and RenderEffect ''. (0x7fff6c640c90)
01/12/2014 21:31:04 (Std) 	Creating falagard mapping for type 'TaharezLook/LargeVerticalScrollbar' using base type 'CEGUI/Scrollbar', window renderer 'Falagard/Scrollbar' Look'N'Feel 'TaharezLook/LargeVerticalScrollbar' and RenderEffect ''. (0x7fff6c640c90)
01/12/2014 21:31:04 (Std) 	Creating falagard mapping for type 'TaharezLook/LargeVerticalScrollbarThumb' using base type 'CEGUI/Thumb', window renderer 'Falagard/Button' Look'N'Feel 'TaharezLook/LargeVerticalScrollbarThumb' and RenderEffect ''. (0x7fff6c640c90)
01/12/2014 21:31:04 (Std) 	Creating falagard mapping for type 'TaharezLook/TabButton' using base type 'CEGUI/TabButton', window renderer 'Falagard/TabButton' Look'N'Feel 'TaharezLook/TabButton' and RenderEffect ''. (0x7fff6c640c90)
01/12/2014 21:31:04 (Std) 	Creating falagard mapping for type 'TaharezLook/TabControl' using base type 'CEGUI/TabControl', window renderer 'Falagard/TabControl' Look'N'Feel 'TaharezLook/TabControl' and RenderEffect ''. (0x7fff6c640c90)
01/12/2014 21:31:04 (Std) 	Creating falagard mapping for type 'TaharezLook/TabContentPane' using base type 'DefaultWindow', window renderer 'Falagard/Default' Look'N'Feel 'TaharezLook/TabContentPane' and RenderEffect ''. (0x7fff6c640c90)
01/12/2014 21:31:04 (Std) 	Creating falagard mapping for type 'TaharezLook/TabButtonPane' using base type 'DefaultWindow', window renderer 'Falagard/Default' Look'N'Feel 'TaharezLook/TabButtonPane' and RenderEffect ''. (0x7fff6c640c90)
01/12/2014 21:31:04 (Std) 	Creating falagard mapping for type 'TaharezLook/ComboDropList' using base type 'CEGUI/ComboDropList', window renderer 'Falagard/Listbox' Look'N'Feel 'TaharezLook/ComboDropList' and RenderEffect ''. (0x7fff6c640c90)
01/12/2014 21:31:04 (Std) 	Creating falagard mapping for type 'TaharezLook/ComboEditbox' using base type 'CEGUI/Editbox', window renderer 'Falagard/Editbox' Look'N'Feel 'TaharezLook/ComboEditbox' and RenderEffect ''. (0x7fff6c640c90)
01/12/2014 21:31:04 (Std) 	Creating falagard mapping for type 'TaharezLook/Combobox' using base type 'CEGUI/Combobox', window renderer 'Falagard/Default' Look'N'Feel 'TaharezLook/Combobox' and RenderEffect ''. (0x7fff6c640c90)
01/12/2014 21:31:04 (Std) 	Creating falagard mapping for type 'TaharezLook/Listbox' using base type 'CEGUI/Listbox', window renderer 'Falagard/Listbox' Look'N'Feel 'TaharezLook/Listbox' and RenderEffect ''. (0x7fff6c640c90)
01/12/2014 21:31:04 (Std) 	Creating falagard mapping for type 'TaharezLook/ListHeader' using base type 'CEGUI/ListHeader', window renderer 'Falagard/ListHeader' Look'N'Feel 'TaharezLook/ListHeader' and RenderEffect ''. (0x7fff6c640c90)
01/12/2014 21:31:04 (Std) 	Creating falagard mapping for type 'TaharezLook/ListHeaderSegment' using base type 'CEGUI/ListHeaderSegment', window renderer 'Falagard/ListHeaderSegment' Look'N'Feel 'TaharezLook/ListHeaderSegment' and RenderEffect ''. (0x7fff6c640c90)
01/12/2014 21:31:04 (Std) 	Creating falagard mapping for type 'TaharezLook/MultiColumnList' using base type 'CEGUI/MultiColumnList', window renderer 'Falagard/MultiColumnList' Look'N'Feel 'TaharezLook/MultiColumnList' and RenderEffect ''. (0x7fff6c640c90)
01/12/2014 21:31:04 (Std) 	Creating falagard mapping for type 'TaharezLook/Slider' using base type 'CEGUI/Slider', window renderer 'Falagard/Slider' Look'N'Feel 'TaharezLook/Slider' and RenderEffect ''. (0x7fff6c640c90)
01/12/2014 21:31:04 (Std) 	Creating falagard mapping for type 'TaharezLook/SliderThumb' using base type 'CEGUI/Thumb', window renderer 'Falagard/Button' Look'N'Feel 'TaharezLook/SliderThumb' and RenderEffect ''. (0x7fff6c640c90)
01/12/2014 21:31:04 (Std) 	Creating falagard mapping for type 'TaharezLook/ScrollablePane' using base type 'CEGUI/ScrollablePane', window renderer 'Falagard/ScrollablePane' Look'N'Feel 'TaharezLook/ScrollablePane' and RenderEffect ''. (0x7fff6c640c90)
01/12/2014 21:31:04 (Std) 	Creating falagard mapping for type 'TaharezLook/Spinner' using base type 'CEGUI/Spinner', window renderer 'Falagard/Default' Look'N'Feel 'TaharezLook/Spinner' and RenderEffect ''. (0x7fff6c640c90)
01/12/2014 21:31:04 (Std) 	Creating falagard mapping for type 'TaharezLook/Tooltip' using base type 'CEGUI/Tooltip', window renderer 'Falagard/Tooltip' Look'N'Feel 'TaharezLook/Tooltip' and RenderEffect ''. (0x7fff6c640c90)
01/12/2014 21:31:04 (Std) 	Creating falagard mapping for type 'TaharezLook/StaticImage' using base type 'DefaultWindow', window renderer 'Falagard/StaticImage' Look'N'Feel 'TaharezLook/StaticImage' and RenderEffect ''. (0x7fff6c640c90)
01/12/2014 21:31:04 (Std) 	Creating falagard mapping for type 'TaharezLook/StaticText' using base type 'DefaultWindow', window renderer 'Falagard/StaticText' Look'N'Feel 'TaharezLook/StaticText' and RenderEffect ''. (0x7fff6c640c90)
01/12/2014 21:31:04 (Std) 	Creating falagard mapping for type 'TaharezLook/ItemListbox' using base type 'CEGUI/ItemListbox', window renderer 'Falagard/ItemListbox' Look'N'Feel 'TaharezLook/ItemListbox' and RenderEffect ''. (0x7fff6c640c90)
01/12/2014 21:31:04 (Std) 	Creating falagard mapping for type 'TaharezLook/ListboxItem' using base type 'CEGUI/ItemEntry', window renderer 'Falagard/ItemEntry' Look'N'Feel 'TaharezLook/ListboxItem' and RenderEffect ''. (0x7fff6c640c90)
01/12/2014 21:31:04 (Std) 	Creating falagard mapping for type 'TaharezLook/GroupBox' using base type 'CEGUI/GroupBox', window renderer 'Falagard/Default' Look'N'Feel 'TaharezLook/GroupBox' and RenderEffect ''. (0x7fff6c640c90)
01/12/2014 21:31:04 (Std) 	Creating falagard mapping for type 'TaharezLook/Tree' using base type 'CEGUI/Tree', window renderer 'Falagard/Tree' Look'N'Feel 'TaharezLook/Tree' and RenderEffect ''. (0x7fff6c640c90)
01/12/2014 21:31:04 (Std) 	---- Successfully completed loading of GUI layout from 'stringFormat.layout' ----
01/12/2014 21:31:04 (Std) 	Attempting to create Imageset 'DejaVuSans-10_auto_glyph_images_ ' with texture only.
01/12/2014 21:31:08 (Std) 	Started creation of Scheme from XML specification:
01/12/2014 21:31:08 (Std) 	---- CEGUI GUIScheme name: TaharezLook
01/12/2014 21:31:08 (Std) 	---- Returning existing instance of Scheme named 'TaharezLook'.
01/12/2014 21:31:08 (Std) 	---- Successfully completed loading of GUI layout from 'defeatWin.layout' ----
