11:57:07: Creating resource group General
11:57:07: Creating resource group Internal
11:57:07: Creating resource group Autodetect
11:57:07: SceneManagerFactory for type 'DefaultSceneManager' registered.
11:57:07: Registering ResourceManager for type Material
11:57:07: Registering ResourceManager for type Mesh
11:57:07: Registering ResourceManager for type Skeleton
11:57:07: MovableObjectFactory for type 'ParticleSystem' registered.
11:57:07: OverlayElementFactory for type Panel registered.
11:57:07: OverlayElementFactory for type BorderPanel registered.
11:57:07: OverlayElementFactory for type TextArea registered.
11:57:07: Registering ResourceManager for type Font
11:57:07: ArchiveFactory for archive type FileSystem registered.
11:57:07: ArchiveFactory for archive type Zip registered.
11:57:07: ArchiveFactory for archive type EmbeddedZip registered.
11:57:07: DDS codec registering
11:57:07: FreeImage version: 3.15.4
11:57:07: This program uses FreeImage, a free, open source image library supporting all common bitmap formats. See http://freeimage.sourceforge.net for details
11:57:07: Supported formats: bmp,ico,jpg,jif,jpeg,jpe,jng,koa,iff,lbm,mng,pbm,pbm,pcd,pcx,pgm,pgm,png,ppm,ppm,ras,tga,targa,tif,tiff,wap,wbmp,wbm,psd,cut,xbm,xpm,gif,hdr,g3,sgi,exr,j2k,j2c,jp2,pfm,pct,pict,pic,3fr,arw,bay,bmq,cap,cine,cr2,crw,cs1,dc2,dcr,drf,dsc,dng,erf,fff,ia,iiq,k25,kc2,kdc,mdc,mef,mos,mrw,nef,nrw,orf,pef,ptx,pxn,qtk,raf,raw,rdc,rw2,rwl,rwz,sr2,srf,srw,sti
11:57:07: Registering ResourceManager for type HighLevelGpuProgram
11:57:07: Registering ResourceManager for type Compositor
11:57:07: MovableObjectFactory for type 'Entity' registered.
11:57:07: MovableObjectFactory for type 'Light' registered.
11:57:07: MovableObjectFactory for type 'BillboardSet' registered.
11:57:07: MovableObjectFactory for type 'ManualObject' registered.
11:57:07: MovableObjectFactory for type 'BillboardChain' registered.
11:57:07: MovableObjectFactory for type 'RibbonTrail' registered.
11:57:07: Loading library /usr/lib/x86_64-linux-gnu/OGRE-1.8.0/RenderSystem_GL
11:57:07: Installing plugin: GL RenderSystem
11:57:07: OpenGL Rendering Subsystem created.
11:57:07: Plugin successfully installed
11:57:07: *-*-* OGRE Initialising
11:57:07: *-*-* Version 1.8.1 (Byatis)
11:57:07: CPU Identifier & Features
11:57:07: -------------------------
11:57:07:  *   CPU ID: GenuineIntel: Intel(R) Core(TM) i7-4650U CPU @ 1.70GHz
11:57:07:  *      SSE: yes
11:57:07:  *     SSE2: yes
11:57:07:  *     SSE3: yes
11:57:07:  *      MMX: yes
11:57:07:  *   MMXEXT: yes
11:57:07:  *    3DNOW: no
11:57:07:  * 3DNOWEXT: no
11:57:07:  *     CMOV: yes
11:57:07:  *      TSC: yes
11:57:07:  *      FPU: yes
11:57:07:  *      PRO: yes
11:57:07:  *       HT: no
11:57:07: -------------------------
11:57:07: ******************************
*** Starting GLX Subsystem ***
******************************
11:57:07: Registering ResourceManager for type Texture
11:57:07: GLRenderSystem::_createRenderWindow "MyApp Example", 800x600 windowed  miscParams: FSAA=0 displayFrequency=60 Hz gamma=No vsync=No 
11:57:07: GLXWindow::create used FBConfigID = 66
11:57:07: GL_VERSION = 2.1 INTEL-8.26.34
11:57:07: GL_VENDOR = Parallels and Intel Inc.
11:57:07: GL_RENDERER = Parallels using Intel HD Graphics 5000 OpenGL Engine
11:57:07: GL_EXTENSIONS = GL_EXT_texture3D GL_ARB_color_buffer_float GL_ARB_depth_texture GL_ARB_draw_buffers GL_ARB_fragment_program GL_ARB_fragment_program_shadow GL_ARB_fragment_shader GL_ARB_framebuffer_object GL_ARB_half_float_pixel GL_ARB_half_float_vertex GL_ARB_multisample GL_ARB_multitexture GL_ARB_occlusion_query GL_ARB_pixel_buffer_object GL_ARB_point_parameters GL_ARB_point_sprite GL_ARB_shader_objects GL_ARB_shader_texture_lod GL_ARB_shading_language_100 GL_ARB_shadow GL_ARB_texture_border_clamp GL_ARB_texture_compression GL_ARB_texture_compression_rgtc GL_ARB_texture_cube_map GL_ARB_texture_env_add GL_ARB_texture_env_combine GL_ARB_texture_env_crossbar GL_ARB_texture_env_dot3 GL_ARB_texture_float GL_ARB_texture_mirrored_repeat GL_ARB_texture_non_power_of_two GL_ARB_texture_rectangle GL_ARB_texture_rg GL_ARB_transpose_matrix GL_ARB_vertex_blend GL_ARB_vertex_buffer_object GL_ARB_vertex_program GL_ARB_vertex_shader GL_ARB_window_pos GL_EXT_abgr GL_EXT_bgra GL_EXT_blend_color GL_EXT_blend_equation_separate GL_EXT_blend_func_separate GL_EXT_blend_minmax GL_EXT_blend_subtract GL_EXT_clip_volume_hint GL_EXT_draw_buffers2 GL_EXT_draw_range_elements GL_EXT_fog_coord GL_EXT_framebuffer_blit GL_EXT_framebuffer_multisample GL_EXT_framebuffer_object GL_EXT_framebuffer_sRGB GL_EXT_geometry_shader4 GL_EXT_gpu_program_parameters GL_EXT_multi_draw_arrays GL_EXT_packed_depth_stencil GL_EXT_packed_float GL_EXT_provoking_vertex GL_EXT_rescale_normal GL_EXT_secondary_color GL_EXT_separate_specular_color GL_EXT_shadow_funcs GL_EXT_stencil_two_side GL_EXT_stencil_wrap GL_EXT_texture_array GL_EXT_texture_compression_dxt1 GL_EXT_texture_compression_s3tc GL_EXT_texture_env_add GL_EXT_texture_filter_anisotropic GL_EXT_texture_integer GL_EXT_texture_lod_bias GL_EXT_texture_rectangle GL_EXT_texture_shared_exponent GL_EXT_texture_sRGB GL_EXT_vertex_array_bgra GL_ATI_separate_stencil GL_ATI_texture_env_combine3 GL_ATI_texture_float GL_ATI_texture_mirror_once GL_NV_blend_square GL_NV_depth_clamp GL_NV_fog_distance GL_NV_light_max_exponent GL_NV_texgen_reflection GL_SGIS_generate_mipmap GL_SGIS_texture_edge_clamp GL_SGIS_texture_lod GL_EXT_texture_env_combine GL_NV_texture_rectangle GL_EXT_texture_edge_clamp GL_ARB_map_buffer_range
11:57:07: Supported GLX extensions: GLX_ARB_get_proc_address GLX_SGIX_fbconfig GLX_EXT_texture_from_pixmap
11:57:07: ***************************
11:57:07: *** GL Renderer Started ***
11:57:07: ***************************
11:57:07: Registering ResourceManager for type GpuProgram
11:57:07: GLSL support detected
11:57:07: GL: Using GL_EXT_framebuffer_object for rendering to textures (best)
11:57:07: FBO PF_UNKNOWN depth/stencil support: D0S1 D0S4 D0S8 D0S16 D16S0 D24S0 D32S0 Packed-D24S8 
11:57:07: FBO PF_R5G6B5 depth/stencil support: D0S0 D0S1 D0S4 D0S8 D0S16 D16S0 D24S0 D32S0 Packed-D24S8 
11:57:07: FBO PF_B5G6R5 depth/stencil support: D0S0 D0S1 D0S4 D0S8 D0S16 D16S0 D24S0 D32S0 Packed-D24S8 
11:57:07: FBO PF_A4R4G4B4 depth/stencil support: D0S0 D0S1 D0S4 D0S8 D0S16 D16S0 D24S0 D32S0 Packed-D24S8 
11:57:07: FBO PF_A1R5G5B5 depth/stencil support: D0S0 D0S1 D0S4 D0S8 D0S16 D16S0 D24S0 D32S0 Packed-D24S8 
11:57:07: FBO PF_R8G8B8 depth/stencil support: D0S0 D0S1 D0S4 D0S8 D0S16 D16S0 D24S0 D32S0 Packed-D24S8 
11:57:07: FBO PF_B8G8R8 depth/stencil support: D0S0 D0S1 D0S4 D0S8 D0S16 D16S0 D24S0 D32S0 Packed-D24S8 
11:57:07: FBO PF_A8R8G8B8 depth/stencil support: D0S0 D0S1 D0S4 D0S8 D0S16 D16S0 D24S0 D32S0 Packed-D24S8 
11:57:08: FBO PF_B8G8R8A8 depth/stencil support: D0S0 D0S1 D0S4 D0S8 D0S16 D16S0 D24S0 D32S0 Packed-D24S8 
11:57:08: FBO PF_A2R10G10B10 depth/stencil support: D0S0 D0S1 D0S4 D0S8 D0S16 D16S0 D24S0 D32S0 Packed-D24S8 
11:57:08: FBO PF_A2B10G10R10 depth/stencil support: D0S0 D0S1 D0S4 D0S8 D0S16 D16S0 D24S0 D32S0 Packed-D24S8 
11:57:08: FBO PF_FLOAT16_RGB depth/stencil support: D0S0 D0S1 D0S4 D0S8 D0S16 D16S0 D24S0 D32S0 Packed-D24S8 
11:57:08: FBO PF_FLOAT16_RGBA depth/stencil support: D0S0 D0S1 D0S4 D0S8 D0S16 D16S0 D24S0 D32S0 Packed-D24S8 
11:57:08: FBO PF_FLOAT32_RGB depth/stencil support: D0S0 D0S1 D0S4 D0S8 D0S16 D16S0 D24S0 D32S0 Packed-D24S8 
11:57:08: FBO PF_FLOAT32_RGBA depth/stencil support: D0S0 D0S1 D0S4 D0S8 D0S16 D16S0 D24S0 D32S0 Packed-D24S8 
11:57:08: FBO PF_X8R8G8B8 depth/stencil support: D0S0 D0S1 D0S4 D0S8 D0S16 D16S0 D24S0 D32S0 Packed-D24S8 
11:57:08: FBO PF_X8B8G8R8 depth/stencil support: D0S0 D0S1 D0S4 D0S8 D0S16 D16S0 D24S0 D32S0 Packed-D24S8 
11:57:08: FBO PF_SHORT_RGBA depth/stencil support: D0S0 D0S1 D0S4 D0S8 D0S16 D16S0 D24S0 D32S0 Packed-D24S8 
11:57:08: FBO PF_R3G3B2 depth/stencil support: D0S0 D0S1 D0S4 D0S8 D0S16 D16S0 D24S0 D32S0 Packed-D24S8 
11:57:08: FBO PF_SHORT_RGB depth/stencil support: D0S0 D0S1 D0S4 D0S8 D0S16 D16S0 D24S0 D32S0 Packed-D24S8 
11:57:08: [GL] : Valid FBO targets PF_UNKNOWN PF_R5G6B5 PF_B5G6R5 PF_A4R4G4B4 PF_A1R5G5B5 PF_R8G8B8 PF_B8G8R8 PF_A8R8G8B8 PF_B8G8R8A8 PF_A2R10G10B10 PF_A2B10G10R10 PF_FLOAT16_RGB PF_FLOAT16_RGBA PF_FLOAT32_RGB PF_FLOAT32_RGBA PF_X8R8G8B8 PF_X8B8G8R8 PF_SHORT_RGBA PF_R3G3B2 PF_SHORT_RGB 
11:57:08: RenderSystem capabilities
11:57:08: -------------------------
11:57:08: RenderSystem Name: OpenGL Rendering Subsystem
11:57:08: GPU Vendor: intel
11:57:08: Device Name: Parallels using Intel HD Graphics 5000 OpenGL Engine
11:57:08: Driver Version: 2.1.0.0
11:57:08:  * Fixed function pipeline: yes
11:57:08:  * Hardware generation of mipmaps: no
11:57:08:  * Texture blending: yes
11:57:08:  * Anisotropic texture filtering: yes
11:57:08:  * Dot product texture operation: yes
11:57:08:  * Cube mapping: yes
11:57:08:  * Hardware stencil buffer: yes
11:57:08:    - Stencil depth: 8
11:57:08:    - Two sided stencil support: yes
11:57:08:    - Wrap stencil values: yes
11:57:08:  * Hardware vertex / index buffers: yes
11:57:08:  * Vertex programs: yes
11:57:08:  * Number of floating-point constants for vertex programs: 1024
11:57:08:  * Number of integer constants for vertex programs: 0
11:57:08:  * Number of boolean constants for vertex programs: 0
11:57:08:  * Fragment programs: yes
11:57:08:  * Number of floating-point constants for fragment programs: 1024
11:57:08:  * Number of integer constants for fragment programs: 0
11:57:08:  * Number of boolean constants for fragment programs: 0
11:57:08:  * Geometry programs: yes
11:57:08:  * Number of floating-point constants for geometry programs: 4096
11:57:08:  * Number of integer constants for geometry programs: 0
11:57:08:  * Number of boolean constants for geometry programs: 0
11:57:08:  * Supported Shader Profiles: arbfp1 arbvp1 glsl gp4gp gpu_gp nvgp4
11:57:08:  * Texture Compression: yes
11:57:08:    - DXT: yes
11:57:08:    - VTC: no
11:57:08:    - PVRTC: no
11:57:08:  * Scissor Rectangle: yes
11:57:08:  * Hardware Occlusion Query: yes
11:57:08:  * User clip planes: yes
11:57:08:  * VET_UBYTE4 vertex element type: yes
11:57:08:  * Infinite far plane projection: yes
11:57:08:  * Hardware render-to-texture: yes
11:57:08:  * Floating point textures: yes
11:57:08:  * Non-power-of-two textures: yes
11:57:08:  * Volume textures: yes
11:57:08:  * Multiple Render Targets: 8
11:57:08:    - With different bit depths: yes
11:57:08:  * Point Sprites: yes
11:57:08:  * Extended point parameters: yes
11:57:08:  * Max Point Size: 64
11:57:08:  * Vertex texture fetch: yes
11:57:08:  * Number of world matrices: 0
11:57:08:  * Number of texture units: 16
11:57:08:  * Stencil buffer depth: 8
11:57:08:  * Number of vertex blend matrices: 0
11:57:08:    - Max vertex textures: 16
11:57:08:    - Vertex textures shared: yes
11:57:08:  * Render to Vertex Buffer : no
11:57:08:  * GL 1.5 without VBO workaround: no
11:57:08:  * Frame Buffer objects: yes
11:57:08:  * Frame Buffer objects (ARB extension): no
11:57:08:  * Frame Buffer objects (ATI extension): no
11:57:08:  * PBuffer support: yes
11:57:08:  * GL 1.5 without HW-occlusion workaround: no
11:57:08:  * Separate shader objects: no
11:57:08: DefaultWorkQueue('Root') initialising on thread 7fbe0df33840.
11:57:08: DefaultWorkQueue('Root')::WorkerFunc - thread 7fbe055f2700 starting.
11:57:08: DefaultWorkQueue('Root')::WorkerFunc - thread 7fbe05df3700 starting.
11:57:08: Particle Renderer Type 'billboard' registered
11:57:08: Added resource location 'media' of type 'FileSystem' to resource group 'General'
11:57:08: Added resource location 'media/cube.zip' of type 'Zip' to resource group 'General'
11:57:08: Added resource location 'media/colision.zip' of type 'Zip' to resource group 'General'
11:57:08: Added resource location 'media/overlay.zip' of type 'Zip' to resource group 'General'
11:57:08: Parsing scripts for resource group Autodetect
11:57:08: Finished parsing scripts for resource group Autodetect
11:57:08: Creating resources for group Autodetect
11:57:08: All done
11:57:08: Parsing scripts for resource group General
11:57:08: Parsing script Scene.material
11:57:08: Parsing script Cube.material
11:57:08: Parsing script panel.material
11:57:08: Parsing script pointer.material
11:57:08: Parsing script Blue.fontdef
11:57:08: Parsing script info.overlay
11:57:08: Texture: panel.tga: Loading 1 faces(PF_A8R8G8B8,250x75x1) with 7 generated mipmaps from Image. Internal format is PF_A8R8G8B8,250x75x1.
11:57:08: Texture: cursor.png: Loading 1 faces(PF_A8R8G8B8,17x23x1) with 4 generated mipmaps from Image. Internal format is PF_A8R8G8B8,17x23x1.
11:57:08: Finished parsing scripts for resource group General
11:57:08: Creating resources for group General
11:57:08: All done
11:57:08: Parsing scripts for resource group Internal
11:57:08: Finished parsing scripts for resource group Internal
11:57:08: Creating resources for group Internal
11:57:08: All done
11:57:08: Mesh: Loading cube.mesh.
11:57:08: Texture: Untitled.jpg: Loading 1 faces(PF_R8G8B8,512x512x1) with 9 generated mipmaps from Image. Internal format is PF_X8R8G8B8,512x512x1.
11:57:08: Texture: spot_shadow_fade.png: Loading 1 faces(PF_R8G8B8,128x128x1) with 7 generated mipmaps from Image. Internal format is PF_X8R8G8B8,128x128x1.
11:57:08: Font Blue using texture size 512x512
11:57:08: Info: Freetype returned null for character 127 in font Blue
11:57:08: Info: Freetype returned null for character 128 in font Blue
11:57:08: Info: Freetype returned null for character 129 in font Blue
11:57:08: Info: Freetype returned null for character 130 in font Blue
11:57:08: Info: Freetype returned null for character 131 in font Blue
11:57:08: Info: Freetype returned null for character 132 in font Blue
11:57:08: Info: Freetype returned null for character 133 in font Blue
11:57:08: Info: Freetype returned null for character 134 in font Blue
11:57:08: Info: Freetype returned null for character 135 in font Blue
11:57:08: Info: Freetype returned null for character 136 in font Blue
11:57:08: Info: Freetype returned null for character 137 in font Blue
11:57:08: Info: Freetype returned null for character 138 in font Blue
11:57:08: Info: Freetype returned null for character 139 in font Blue
11:57:08: Info: Freetype returned null for character 140 in font Blue
11:57:08: Info: Freetype returned null for character 141 in font Blue
11:57:08: Info: Freetype returned null for character 142 in font Blue
11:57:08: Info: Freetype returned null for character 143 in font Blue
11:57:08: Info: Freetype returned null for character 144 in font Blue
11:57:08: Info: Freetype returned null for character 145 in font Blue
11:57:08: Info: Freetype returned null for character 146 in font Blue
11:57:08: Info: Freetype returned null for character 147 in font Blue
11:57:08: Info: Freetype returned null for character 148 in font Blue
11:57:08: Info: Freetype returned null for character 149 in font Blue
11:57:08: Info: Freetype returned null for character 150 in font Blue
11:57:08: Info: Freetype returned null for character 151 in font Blue
11:57:08: Info: Freetype returned null for character 152 in font Blue
11:57:08: Info: Freetype returned null for character 153 in font Blue
11:57:08: Info: Freetype returned null for character 154 in font Blue
11:57:08: Info: Freetype returned null for character 155 in font Blue
11:57:08: Info: Freetype returned null for character 156 in font Blue
11:57:08: Info: Freetype returned null for character 157 in font Blue
11:57:08: Info: Freetype returned null for character 158 in font Blue
11:57:08: Info: Freetype returned null for character 159 in font Blue
11:57:08: Info: Freetype returned null for character 160 in font Blue
11:57:08: Texture: BlueTexture: Loading 1 faces(PF_BYTE_LA,512x512x1) with 0 generated mipmaps from Image. Internal format is PF_BYTE_LA,512x512x1.
11:57:13: DefaultWorkQueue('Root') shutting down on thread 7fbe0df33840.
11:57:13: DefaultWorkQueue('Root')::WorkerFunc - thread 7fbe055f2700 stopped.
11:57:13: DefaultWorkQueue('Root')::WorkerFunc - thread 7fbe05df3700 stopped.
11:57:13: *-*-* OGRE Shutdown
11:57:13: Unregistering ResourceManager for type Compositor
11:57:13: Unregistering ResourceManager for type Font
11:57:13: Unregistering ResourceManager for type Skeleton
11:57:13: Unregistering ResourceManager for type Mesh
11:57:13: Unregistering ResourceManager for type HighLevelGpuProgram
11:57:13: Uninstalling plugin: GL RenderSystem
11:57:13: Unregistering ResourceManager for type GpuProgram
11:57:13: ******************************
*** Stopping GLX Subsystem ***
******************************
11:57:13: Unregistering ResourceManager for type Texture
11:57:13: Plugin successfully uninstalled
11:57:13: Unloading library /usr/lib/x86_64-linux-gnu/OGRE-1.8.0/RenderSystem_GL
11:57:13: Unregistering ResourceManager for type Material
